  #N    eigenvalue  difference    twstat      p-value effect. n
   1      3.896803          NA   167.581            0  1964.537
   2      1.823842   -2.072961    89.212 4.97046e-246  7102.731
   3      1.233871   -0.589971    -0.824     0.364049  9093.674
   4      1.227676   -0.006195    -1.067     0.436801  9210.800
   5      1.212209   -0.015467    -3.137      0.94574  9327.627
   6      1.200049   -0.012160    -4.673     0.999062  9424.445
   7      1.198344   -0.001705    -4.222     0.995973  9506.725
   8      1.188785   -0.009559    -5.314     0.999924  9594.924
   9      1.188666   -0.000119    -4.574     0.998684  9672.768
  10      1.185873   -0.002793    -4.341     0.997197  9759.636
  11      1.178875   -0.006998    -4.951     0.999664  9850.366
  12      1.172266   -0.006609    -5.515     0.999969  9935.521
  13      1.168976   -0.003290    -5.429     0.999955 10015.430
  14      1.168512   -0.000464    -4.762     0.999317 10097.349
  15      1.164908   -0.003604    -4.715     0.999194 10188.263
  16      1.157360   -0.007548    -5.492     0.999966 10281.051
  17      1.149275   -0.008085    -6.422            1 10365.592
  18      1.146300   -0.002975    -6.321            1 10439.797
  19      1.142036   -0.004264    -6.491            1 10516.055
  20      1.137177   -0.004859    -6.798            1 10591.016
  21      1.133412   -0.003765    -6.888            1 10662.866
  22      1.128474   -0.004938    -7.236            1 10734.268
  23      1.123303   -0.005171    -7.651            1 10801.816
  24      1.121108   -0.002195    -7.443            1 10864.483
  25      1.117918   -0.003190    -7.445            1 10930.368
  26      1.112247   -0.005671    -7.990            1 10996.745
  27      1.111754   -0.000493    -7.426            1 11056.155
  28      1.108400   -0.003354    -7.470            1 11123.766
  29      1.101575   -0.006825    -8.284            1 11191.267
  30      1.098672   -0.002903    -8.265            1 11247.550
  31      1.095195   -0.003477    -8.376            1 11304.318
  32      1.092344   -0.002851    -8.353            1 11359.682
  33      1.087750   -0.004594    -8.721            1 11415.556
  34      1.085886   -0.001864    -8.493            1 11466.042
  35      1.083626   -0.002260    -8.348            1 11520.044
  36      1.081931   -0.001695    -8.070            1 11576.430
  37      1.079625   -0.002306    -7.921            1 11637.410
  38      1.078805   -0.000820    -7.430            1 11701.072
  39      1.071742   -0.007063    -8.344            1 11773.338
  40      1.068232   -0.003510    -8.487            1 11830.396
  41      1.067591   -0.000641    -7.978            1 11885.089
  42      1.063070   -0.004521    -8.344            1 11948.730
  43      1.060513   -0.002557    -8.273            1 12006.014
  44      1.058145   -0.002368    -8.157            1 12064.613
  45      1.056450   -0.001695    -7.882            1 12125.403
  46      1.054916   -0.001534    -7.558            1 12191.520
  47      1.050893   -0.004023    -7.805            1 12264.175
  48      1.048894   -0.001999    -7.590            1 12332.206
  49      1.043173   -0.005721    -8.246            1 12404.828
  50      1.042661   -0.000512    -7.700            1 12464.168
  51      1.040887   -0.001774    -7.430            1 12534.922
  52      1.036872   -0.004015    -7.685            1 12611.735
  53      1.034616   -0.002256    -7.533            1 12683.207
  54      1.030792   -0.003824    -7.752            1 12758.280
  55      1.028936   -0.001856    -7.510            1 12828.499
  56      1.027220   -0.001716    -7.224            1 12904.497
  57      1.025316   -0.001904    -6.972            1 12987.647
  58      1.022074   -0.003242    -7.036            1 13077.502
  59      1.016391   -0.005683    -7.703            1 13166.241
  60      1.015529   -0.000862    -7.221            1 13238.054
  61      1.013203   -0.002326    -7.079            1 13322.558
  62      1.008569   -0.004634    -7.503            1 13411.233
  63      1.007275   -0.001294    -7.121            1 13488.413
  64      1.003458   -0.003817    -7.350            1 13576.449
  65      1.001885   -0.001573    -7.033            1 13657.997
  66      1.001046   -0.000839    -6.516            1 13749.081
  67      0.996586   -0.004460    -6.887            1 13856.572
  68      0.995739   -0.000847    -6.365            1 13952.875
  69      0.992099   -0.003640    -6.528            1 14066.726
  70      0.988173   -0.003926    -6.775            1 14175.880
  71      0.985532   -0.002641    -6.710            1 14277.042
  72      0.982139   -0.003393    -6.838            1 14380.813
  73      0.979806   -0.002333    -6.701            1 14480.263
  74      0.976317   -0.003489    -6.859            1 14584.937
  75      0.974724   -0.001593    -6.534            1 14683.776
  76      0.971432   -0.003292    -6.638            1 14795.389
  77      0.970185   -0.001247    -6.212     0.999999 14903.114
  78      0.966816   -0.003369    -6.323            1 15028.895
  79      0.965728   -0.001088    -5.840     0.999994 15150.510
  80      0.962983   -0.002745    -5.769     0.999991 15294.524
  81      0.958791   -0.004192    -6.084     0.999998 15443.139
  82      0.956462   -0.002329    -5.922     0.999996 15577.775
  83      0.954499   -0.001963    -5.654     0.999984 15721.135
  84      0.952054   -0.002445    -5.501     0.999967 15879.353
  85      0.949986   -0.002068    -5.238     0.999895 16047.285
  86      0.945780   -0.004206    -5.546     0.999973 16231.855
  87      0.944417   -0.001363    -5.096      0.99981 16400.738
  88      0.939229   -0.005188    -5.678     0.999986 16598.475
  89      0.937765   -0.001464    -5.267     0.999907 16762.385
  90      0.933657   -0.004108    -5.572     0.999976 16953.769
  91      0.931285   -0.002372    -5.413     0.999951 17126.771
  92      0.928772   -0.002513    -5.286     0.999915 17311.776
  93      0.927551   -0.001221    -4.784      0.99937 17507.392
  94      0.922779   -0.004772    -5.264     0.999906 17743.091
  95      0.919530   -0.003249    -5.348     0.999935 17944.249
  96      0.917899   -0.001631    -4.973     0.999691 18140.109
  97      0.914707   -0.003192    -5.026     0.999749 18368.930
  98      0.909525   -0.005182    -5.672     0.999985 18595.519
  99      0.907726   -0.001799    -5.378     0.999943 18765.240
 100      0.902872   -0.004854    -5.967     0.999997 18961.452
 101      0.900004   -0.002868    -6.016     0.999998 19100.614
 102      0.899288   -0.000716    -5.431     0.999955 19231.697
 103      0.898200   -0.001088    -4.912     0.999609 19419.500
 104      0.896129   -0.002071    -4.644     0.998963 19663.861
 105      0.892450   -0.003679    -4.840     0.999488 19941.521
 106      0.889483   -0.002967    -4.844     0.999495 20197.210
 107      0.886985   -0.002498    -4.709     0.999174 20453.328
 108      0.880826   -0.006159    -5.689     0.999987 20728.481
 109      0.880009   -0.000817    -5.118     0.999827 20867.127
 110      0.877975   -0.002034    -4.873     0.999547 21080.625
 111      0.875729   -0.002246    -4.672      0.99906 21328.261
 112      0.870950   -0.004779    -5.244     0.999898 21606.558
 113      0.867717   -0.003233    -5.394     0.999947 21785.043
 114      0.866428   -0.001289    -4.952     0.999664 21928.831
 115      0.864954   -0.001474    -4.524     0.998445 22143.267
 116      0.861732   -0.003222    -4.604     0.998812 22435.680
 117      0.859268   -0.002464    -4.457      0.99806 22706.584
 118      0.858495   -0.000773    -3.758     0.985826 23004.265
 119      0.854881   -0.003614    -3.882     0.989656 23471.851
 120      0.851066   -0.003815    -4.095     0.994187 23910.972
 121      0.846823   -0.004243    -4.481     0.998205 24289.642
 122      0.842529   -0.004294    -4.937     0.999645 24545.928
 123      0.841246   -0.001283    -4.471     0.998144 24644.148
 124      0.838740   -0.002506    -4.346     0.997235 24863.145
 125      0.838459   -0.000281    -3.481     0.972994 25101.219
 126      0.834131   -0.004328    -3.813      0.98766 25659.871
 127      0.832612   -0.001519    -3.280     0.958855 26067.934
 128      0.827219   -0.005393    -3.946      0.99124 26717.610
 129      0.823981   -0.003238    -4.012     0.992671 27012.626
 130      0.821442   -0.002539    -3.858     0.988968 27228.322
 131      0.818558   -0.002884    -3.793     0.987019 27479.032
 132      0.815683   -0.002875    -3.716     0.984291 27710.134
 133      0.814061   -0.001622    -3.211      0.95282 27924.020
 134      0.810291   -0.003770    -3.316     0.961767 28466.959
 135      0.808223   -0.002068    -2.883     0.915031 28848.563
 136      0.806080   -0.002143    -2.374     0.821245 29597.609
 137      0.801127   -0.004953    -2.673     0.881705 30960.303
 138      0.795730   -0.005397    -3.223      0.95393 31867.816
 139      0.793393   -0.002337    -2.886     0.915435 31752.484
 140      0.790344   -0.003049    -2.689     0.884598 31947.091
 141      0.787822   -0.002522        NA           NA        NA
 142      0.784379   -0.003443        NA           NA        NA
 143      0.777760   -0.006619        NA           NA        NA
 144      0.776245   -0.001515        NA           NA        NA
 145      0.774965   -0.001280        NA           NA        NA
 146      0.764580   -0.010385        NA           NA        NA
 147      0.758267   -0.006313        NA           NA        NA
 148      0.747945   -0.010322        NA           NA        NA
 149      0.747072   -0.000873        NA           NA        NA
